2026-03-25 15:46:06,808 [DEBUG] contact_discoverer: [acme.com] Checking job page: https://acme.com/jobs/123
2026-03-25 15:46:06,808 [DEBUG] contact_discoverer: [acme.com] Checking team page: https://acme.com/team
2026-03-25 15:46:06,809 [DEBUG] contact_discoverer: [acme.com] Checking team page: https://acme.com/about
2026-03-25 15:46:06,809 [DEBUG] contact_discoverer: [acme.com] Checking team page: https://acme.com/about-us
2026-03-25 15:46:06,809 [DEBUG] contact_discoverer: [acme.com] Checking team page: https://acme.com/people
2026-03-25 15:46:06,809 [DEBUG] contact_discoverer: [acme.com] Checking team page: https://acme.com/our-team
2026-03-25 15:46:06,810 [DEBUG] contact_discoverer: [acme.com] Checking team page: https://acme.com/company
2026-03-25 15:46:06,810 [DEBUG] contact_discoverer: [acme.com] Checking contact page: https://acme.com/contact
2026-03-25 15:46:06,810 [DEBUG] contact_discoverer: [acme.com] Checking contact page: https://acme.com/contact-us
2026-03-25 15:46:06,810 [DEBUG] contact_discoverer: [acme.com] Checking contact page: https://acme.com/get-in-touch
2026-03-25 15:46:06,812 [DEBUG] contact_discoverer: [acme.com] Checking team page: https://acme.com/team
2026-03-25 15:46:06,813 [DEBUG] contact_discoverer: [acme.com] Checking team page: https://acme.com/about
2026-03-25 15:46:06,813 [DEBUG] contact_discoverer: [acme.com] Checking team page: https://acme.com/about-us
2026-03-25 15:46:06,813 [DEBUG] contact_discoverer: [acme.com] Checking team page: https://acme.com/people
2026-03-25 15:46:06,813 [DEBUG] contact_discoverer: [acme.com] Checking team page: https://acme.com/our-team
2026-03-25 15:46:06,814 [DEBUG] contact_discoverer: [acme.com] Checking team page: https://acme.com/company
2026-03-25 15:46:06,814 [DEBUG] contact_discoverer: [acme.com] Checking contact page: https://acme.com/contact
2026-03-25 15:46:06,814 [DEBUG] contact_discoverer: [acme.com] Checking contact page: https://acme.com/contact-us
2026-03-25 15:46:06,814 [DEBUG] contact_discoverer: [acme.com] Checking contact page: https://acme.com/get-in-touch
2026-03-25 15:46:06,814 [DEBUG] contact_discoverer: [acme.com] No named contacts found, trying generic inboxes
2026-03-25 15:46:22,819 [DEBUG] contact_discoverer: [acme.com] Checking job page: https://acme.com/jobs/swe
2026-03-25 15:46:22,819 [DEBUG] contact_discoverer: [acme.com] Checking team page: https://acme.com/team
2026-03-25 15:46:22,819 [DEBUG] contact_discoverer: [acme.com] Checking team page: https://acme.com/about
2026-03-25 15:46:22,819 [DEBUG] contact_discoverer: [acme.com] Checking team page: https://acme.com/about-us
2026-03-25 15:46:22,819 [DEBUG] contact_discoverer: [acme.com] Checking team page: https://acme.com/people
2026-03-25 15:46:22,819 [DEBUG] contact_discoverer: [acme.com] Checking team page: https://acme.com/our-team
2026-03-25 15:46:22,819 [DEBUG] contact_discoverer: [acme.com] Checking team page: https://acme.com/company
2026-03-25 15:46:22,819 [DEBUG] contact_discoverer: [acme.com] Checking contact page: https://acme.com/contact
2026-03-25 15:46:22,819 [DEBUG] contact_discoverer: [acme.com] Checking contact page: https://acme.com/contact-us
2026-03-25 15:46:22,819 [DEBUG] contact_discoverer: [acme.com] Checking contact page: https://acme.com/get-in-touch
